Copyright 1986-2019 Xilinx, Inc. All Rights Reserved.
-----------------------------------------------------------------------------------------------------------------------------------------------
| Tool Version : Vivado v.2019.2.1 (lin64) Build 2729669 Thu Dec  5 04:48:12 MST 2019
| Date         : Fri Jan 17 23:26:08 2020
| Host         : eric-VivoBook-ASUSLaptop-X412FL-X412FL running 64-bit Ubuntu 19.10
| Command      : report_methodology -file lcd_methodology_drc_routed.rpt -pb lcd_methodology_drc_routed.pb -rpx lcd_methodology_drc_routed.rpx
| Design       : lcd
| Device       : xc7a35tfgg484-1
| Speed File   : -1
| Design State : Fully Routed
-----------------------------------------------------------------------------------------------------------------------------------------------

Report Methodology

Table of Contents
-----------------
1. REPORT SUMMARY
2. REPORT DETAILS

1. REPORT SUMMARY
-----------------
            Netlist: netlist
          Floorplan: design_1
      Design limits: <entire design considered>
             Max violations: <unlimited>
             Violations found: 37
+-----------+----------+-------------------------------+------------+
| Rule      | Severity | Description                   | Violations |
+-----------+----------+-------------------------------+------------+
| LUTAR-1   | Warning  | LUT drives async reset alert  | 14         |
| TIMING-18 | Warning  | Missing input or output delay | 16         |
| TIMING-20 | Warning  | Non-clocked latch             | 7          |
+-----------+----------+-------------------------------+------------+

2. REPORT DETAILS
-----------------
LUTAR-1#1 Warning
LUT drives async reset alert  
LUT cell digit_o_reg[0]_LDC_i_1, with 2 or more inputs, drives asynchronous preset/clear pin(s) digit_o_reg[0]_P/PRE. The LUT may glitch and trigger an unexpected reset, even if it is a properly timed path.
Related violations: <none>

LUTAR-1#2 Warning
LUT drives async reset alert  
LUT cell digit_o_reg[0]_LDC_i_2, with 2 or more inputs, drives asynchronous preset/clear pin(s) digit_o_reg[0]_C/CLR, digit_o_reg[0]_LDC/CLR. The LUT may glitch and trigger an unexpected reset, even if it is a properly timed path.
Related violations: <none>

LUTAR-1#3 Warning
LUT drives async reset alert  
LUT cell digit_o_reg[1]_LDC_i_1, with 2 or more inputs, drives asynchronous preset/clear pin(s) digit_o_reg[1]_P/PRE. The LUT may glitch and trigger an unexpected reset, even if it is a properly timed path.
Related violations: <none>

LUTAR-1#4 Warning
LUT drives async reset alert  
LUT cell digit_o_reg[1]_LDC_i_2, with 2 or more inputs, drives asynchronous preset/clear pin(s) digit_o_reg[1]_C/CLR, digit_o_reg[1]_LDC/CLR. The LUT may glitch and trigger an unexpected reset, even if it is a properly timed path.
Related violations: <none>

LUTAR-1#5 Warning
LUT drives async reset alert  
LUT cell digit_o_reg[2]_LDC_i_1, with 2 or more inputs, drives asynchronous preset/clear pin(s) digit_o_reg[2]_P/PRE. The LUT may glitch and trigger an unexpected reset, even if it is a properly timed path.
Related violations: <none>

LUTAR-1#6 Warning
LUT drives async reset alert  
LUT cell digit_o_reg[2]_LDC_i_2, with 2 or more inputs, drives asynchronous preset/clear pin(s) digit_o_reg[2]_C/CLR, digit_o_reg[2]_LDC/CLR. The LUT may glitch and trigger an unexpected reset, even if it is a properly timed path.
Related violations: <none>

LUTAR-1#7 Warning
LUT drives async reset alert  
LUT cell digit_o_reg[3]_LDC_i_1, with 2 or more inputs, drives asynchronous preset/clear pin(s) digit_o_reg[3]_P/PRE. The LUT may glitch and trigger an unexpected reset, even if it is a properly timed path.
Related violations: <none>

LUTAR-1#8 Warning
LUT drives async reset alert  
LUT cell digit_o_reg[3]_LDC_i_2, with 2 or more inputs, drives asynchronous preset/clear pin(s) digit_o_reg[3]_C/CLR, digit_o_reg[3]_LDC/CLR. The LUT may glitch and trigger an unexpected reset, even if it is a properly timed path.
Related violations: <none>

LUTAR-1#9 Warning
LUT drives async reset alert  
LUT cell digit_o_reg[4]_LDC_i_1, with 2 or more inputs, drives asynchronous preset/clear pin(s) digit_o_reg[4]_P/PRE. The LUT may glitch and trigger an unexpected reset, even if it is a properly timed path.
Related violations: <none>

LUTAR-1#10 Warning
LUT drives async reset alert  
LUT cell digit_o_reg[4]_LDC_i_2, with 2 or more inputs, drives asynchronous preset/clear pin(s) digit_o_reg[4]_C/CLR, digit_o_reg[4]_LDC/CLR. The LUT may glitch and trigger an unexpected reset, even if it is a properly timed path.
Related violations: <none>

LUTAR-1#11 Warning
LUT drives async reset alert  
LUT cell digit_o_reg[5]_LDC_i_1, with 2 or more inputs, drives asynchronous preset/clear pin(s) digit_o_reg[5]_P/PRE. The LUT may glitch and trigger an unexpected reset, even if it is a properly timed path.
Related violations: <none>

LUTAR-1#12 Warning
LUT drives async reset alert  
LUT cell digit_o_reg[5]_LDC_i_2, with 2 or more inputs, drives asynchronous preset/clear pin(s) digit_o_reg[5]_C/CLR, digit_o_reg[5]_LDC/CLR. The LUT may glitch and trigger an unexpected reset, even if it is a properly timed path.
Related violations: <none>

LUTAR-1#13 Warning
LUT drives async reset alert  
LUT cell digit_o_reg[6]_LDC_i_1, with 2 or more inputs, drives asynchronous preset/clear pin(s) digit_o_reg[6]_P/PRE. The LUT may glitch and trigger an unexpected reset, even if it is a properly timed path.
Related violations: <none>

LUTAR-1#14 Warning
LUT drives async reset alert  
LUT cell digit_o_reg[6]_LDC_i_2, with 2 or more inputs, drives asynchronous preset/clear pin(s) digit_o_reg[6]_C/CLR, digit_o_reg[6]_LDC/CLR. The LUT may glitch and trigger an unexpected reset, even if it is a properly timed path.
Related violations: <none>

TIMING-18#1 Warning
Missing input or output delay  
An input delay is missing on rst relative to clock(s) sys_clk_i
Related violations: <none>

TIMING-18#2 Warning
Missing input or output delay  
An input delay is missing on switch_i relative to clock(s) sys_clk_i
Related violations: <none>

TIMING-18#3 Warning
Missing input or output delay  
An output delay is missing on digit_o[0] relative to clock(s) sys_clk_i
Related violations: <none>

TIMING-18#4 Warning
Missing input or output delay  
An output delay is missing on digit_o[1] relative to clock(s) sys_clk_i
Related violations: <none>

TIMING-18#5 Warning
Missing input or output delay  
An output delay is missing on digit_o[2] relative to clock(s) sys_clk_i
Related violations: <none>

TIMING-18#6 Warning
Missing input or output delay  
An output delay is missing on digit_o[3] relative to clock(s) sys_clk_i
Related violations: <none>

TIMING-18#7 Warning
Missing input or output delay  
An output delay is missing on digit_o[4] relative to clock(s) sys_clk_i
Related violations: <none>

TIMING-18#8 Warning
Missing input or output delay  
An output delay is missing on digit_o[5] relative to clock(s) sys_clk_i
Related violations: <none>

TIMING-18#9 Warning
Missing input or output delay  
An output delay is missing on digit_o[6] relative to clock(s) sys_clk_i
Related violations: <none>

TIMING-18#10 Warning
Missing input or output delay  
An output delay is missing on digit_o[7] relative to clock(s) sys_clk_i
Related violations: <none>

TIMING-18#11 Warning
Missing input or output delay  
An output delay is missing on sel_o[0] relative to clock(s) sys_clk_i
Related violations: <none>

TIMING-18#12 Warning
Missing input or output delay  
An output delay is missing on sel_o[1] relative to clock(s) sys_clk_i
Related violations: <none>

TIMING-18#13 Warning
Missing input or output delay  
An output delay is missing on sel_o[2] relative to clock(s) sys_clk_i
Related violations: <none>

TIMING-18#14 Warning
Missing input or output delay  
An output delay is missing on sel_o[3] relative to clock(s) sys_clk_i
Related violations: <none>

TIMING-18#15 Warning
Missing input or output delay  
An output delay is missing on sel_o[4] relative to clock(s) sys_clk_i
Related violations: <none>

TIMING-18#16 Warning
Missing input or output delay  
An output delay is missing on sel_o[5] relative to clock(s) sys_clk_i
Related violations: <none>

TIMING-20#1 Warning
Non-clocked latch  
The latch digit_o_reg[0]_LDC cannot be properly analyzed as its control pin digit_o_reg[0]_LDC/G is not reached by a timing clock
Related violations: <none>

TIMING-20#2 Warning
Non-clocked latch  
The latch digit_o_reg[1]_LDC cannot be properly analyzed as its control pin digit_o_reg[1]_LDC/G is not reached by a timing clock
Related violations: <none>

TIMING-20#3 Warning
Non-clocked latch  
The latch digit_o_reg[2]_LDC cannot be properly analyzed as its control pin digit_o_reg[2]_LDC/G is not reached by a timing clock
Related violations: <none>

TIMING-20#4 Warning
Non-clocked latch  
The latch digit_o_reg[3]_LDC cannot be properly analyzed as its control pin digit_o_reg[3]_LDC/G is not reached by a timing clock
Related violations: <none>

TIMING-20#5 Warning
Non-clocked latch  
The latch digit_o_reg[4]_LDC cannot be properly analyzed as its control pin digit_o_reg[4]_LDC/G is not reached by a timing clock
Related violations: <none>

TIMING-20#6 Warning
Non-clocked latch  
The latch digit_o_reg[5]_LDC cannot be properly analyzed as its control pin digit_o_reg[5]_LDC/G is not reached by a timing clock
Related violations: <none>

TIMING-20#7 Warning
Non-clocked latch  
The latch digit_o_reg[6]_LDC cannot be properly analyzed as its control pin digit_o_reg[6]_LDC/G is not reached by a timing clock
Related violations: <none>


